<?xml version="1.0" encoding="UTF-8"?>
<testng-results skipped="0" failed="1" ignored="2" total="3" passed="0">
  <reporter-output>
  </reporter-output>
  <suite name="SDET" duration-ms="22986" started-at="2019-05-15T14:07:43Z" finished-at="2019-05-15T14:08:06Z">
    <groups>
    </groups>
    <test name="loing Test" duration-ms="331" started-at="2019-05-15T14:07:43Z" finished-at="2019-05-15T14:07:44Z">
    </test> <!-- loing Test -->
    <test name="Directory Test" duration-ms="21889" started-at="2019-05-15T14:07:44Z" finished-at="2019-05-15T14:08:06Z">
      <class name="com.testCases.TC_SearchDirectoryTest_002">
        <test-method status="PASS" signature="setup(java.lang.String)[pri:0, instance:com.testCases.TC_SearchDirectoryTest_002@38082d64]" name="setup" is-config="true" duration-ms="16504" started-at="2019-05-15T14:07:44Z" finished-at="2019-05-15T14:08:00Z">
          <params>
            <param index="0">
              <value>
                <![CDATA[chrome]]>
              </value>
            </param>
          </params>
          <reporter-output>
          </reporter-output>
        </test-method> <!-- setup -->
        <test-method status="FAIL" signature="SearchDirectory()[pri:1, instance:com.testCases.TC_SearchDirectoryTest_002@38082d64]" name="SearchDirectory" duration-ms="5331" started-at="2019-05-15T14:08:00Z" finished-at="2019-05-15T14:08:06Z">
          <exception class="java.lang.AssertionError">
            <message>
              <![CDATA[expected [true] but found [false]]]>
            </message>
            <full-stacktrace>
              <![CDATA[java.lang.AssertionError: expected [true] but found [false]
at org.testng.Assert.fail(Assert.java:96)
at org.testng.Assert.failNotEquals(Assert.java:776)
at org.testng.Assert.assertTrue(Assert.java:44)
at org.testng.Assert.assertTrue(Assert.java:54)
at com.testCases.TC_SearchDirectoryTest_002.SearchDirectory(TC_SearchDirectoryTest_002.java:31)
at sun.reflect.NativeMethodAccessorImpl.invoke0(Native Method)
at sun.reflect.NativeMethodAccessorImpl.invoke(NativeMethodAccessorImpl.java:62)
at sun.reflect.DelegatingMethodAccessorImpl.invoke(DelegatingMethodAccessorImpl.java:43)
at java.lang.reflect.Method.invoke(Method.java:498)
at org.testng.internal.MethodInvocationHelper.invokeMethod(MethodInvocationHelper.java:124)
at org.testng.internal.Invoker.invokeMethod(Invoker.java:583)
at org.testng.internal.Invoker.invokeTestMethod(Invoker.java:719)
at org.testng.internal.Invoker.invokeTestMethods(Invoker.java:989)
at org.testng.internal.TestMethodWorker.invokeTestMethods(TestMethodWorker.java:125)
at org.testng.internal.TestMethodWorker.run(TestMethodWorker.java:109)
at org.testng.TestRunner.privateRun(TestRunner.java:648)
at org.testng.TestRunner.run(TestRunner.java:505)
at org.testng.SuiteRunner.runTest(SuiteRunner.java:455)
at org.testng.SuiteRunner.runSequentially(SuiteRunner.java:450)
at org.testng.SuiteRunner.privateRun(SuiteRunner.java:415)
at org.testng.SuiteRunner.run(SuiteRunner.java:364)
at org.testng.SuiteRunnerWorker.runSuite(SuiteRunnerWorker.java:52)
at org.testng.SuiteRunnerWorker.run(SuiteRunnerWorker.java:84)
at org.testng.TestNG.runSuitesSequentially(TestNG.java:1208)
at org.testng.TestNG.runSuitesLocally(TestNG.java:1137)
at org.testng.TestNG.runSuites(TestNG.java:1049)
at org.testng.TestNG.run(TestNG.java:1017)
at org.apache.maven.surefire.testng.TestNGExecutor.run(TestNGExecutor.java:295)
at org.apache.maven.surefire.testng.TestNGXmlTestSuite.execute(TestNGXmlTestSuite.java:84)
at org.apache.maven.surefire.testng.TestNGProvider.invoke(TestNGProvider.java:90)
at org.apache.maven.surefire.booter.ForkedBooter.invokeProviderInSameClassLoader(ForkedBooter.java:203)
at org.apache.maven.surefire.booter.ForkedBooter.runSuitesInProcess(ForkedBooter.java:155)
at org.apache.maven.surefire.booter.ForkedBooter.main(ForkedBooter.java:103)
]]>
            </full-stacktrace>
          </exception> <!-- java.lang.AssertionError -->
          <reporter-output>
          </reporter-output>
        </test-method> <!-- SearchDirectory -->
        <test-method status="PASS" signature="tearDown()[pri:0, instance:com.testCases.TC_SearchDirectoryTest_002@38082d64]" name="tearDown" is-config="true" duration-ms="1" started-at="2019-05-15T14:08:06Z" finished-at="2019-05-15T14:08:06Z">
          <reporter-output>
          </reporter-output>
        </test-method> <!-- tearDown -->
      </class> <!-- com.testCases.TC_SearchDirectoryTest_002 -->
    </test> <!-- Directory Test -->
    <test name="Admin Test" duration-ms="39" started-at="2019-05-15T14:08:06Z" finished-at="2019-05-15T14:08:06Z">
    </test> <!-- Admin Test -->
  </suite> <!-- SDET -->
</testng-results>
